<?xml version="1.0" encoding="UTF-8"?>
<!-- Generated by org.testng.reporters.JUnitReportReporter -->
<testsuite hostname="DESKTOP-PLB1VMO" failures="0" tests="1" name="com.mystore.testCases.TC_Login" time="16.175" errors="0" timestamp="2020-08-05T16:09:31 GMT" skipped="0">
  <testcase classname="com.mystore.testCases.TC_Login" name="loginTest" time="16.175"/>
</testsuite> <!-- com.mystore.testCases.TC_Login -->
